<?xml version="1.0" encoding="UTF-8"?>
<testsuite name="com.tomatoma.controller.TrendFoodControllerTest" tests="6" skipped="0" failures="0" errors="0" timestamp="2026-05-05T10:33:29.076Z" hostname="DESKTOP-2F6FQIM" time="0.251">
  <properties/>
  <testcase name="getTrendingFoods_returnsSuccessResponse()" classname="com.tomatoma.controller.TrendFoodControllerTest" time="0.205"/>
  <testcase name="getTrendingFood_byId_returnsSuccessResponse()" classname="com.tomatoma.controller.TrendFoodControllerTest" time="0.009"/>
  <testcase name="getTrendingFood_byId_notFound_returns404()" classname="com.tomatoma.controller.TrendFoodControllerTest" time="0.008"/>
  <testcase name="getTrendingFoods_emptyResult_returnsEmptyPage()" classname="com.tomatoma.controller.TrendFoodControllerTest" time="0.006"/>
  <testcase name="getTrendingFoods_withCategory_delegatesToCategoryFilter()" classname="com.tomatoma.controller.TrendFoodControllerTest" time="0.008"/>
  <testcase name="searchTrendingFoods_withKeyword_returnsResults()" classname="com.tomatoma.controller.TrendFoodControllerTest" time="0.008"/>
  <system-out><![CDATA[19:33:22.530 [Test worker] INFO org.springframework.test.context.support.AnnotationConfigContextLoaderUtils -- Could not detect default configuration classes for test class [com.tomatoma.controller.TrendFoodControllerTest]: TrendFoodControllerTest does not declare any static, non-private, non-final, nested classes annotated with @Configuration.
19:33:22.670 [Test worker] INFO org.springframework.boot.test.context.SpringBootTestContextBootstrapper -- Found @SpringBootConfiguration com.tomatoma.TomatomaApplication for test class com.tomatoma.controller.TrendFoodControllerTest

  .   ____          _            __ _ _
 /\\ / ___'_ __ _ _(_)_ __  __ _ \ \ \ \
( ( )\___ | '_ | '_| | '_ \/ _` | \ \ \ \
 \\/  ___)| |_)| | | | | || (_| |  ) ) ) )
  '  |____| .__|_| |_|_| |_\__, | / / / /
 =========|_|==============|___/=/_/_/_/

 :: Spring Boot ::                (v3.4.0)

19:33:23.105 [Test worker] INFO  c.t.c.TrendFoodControllerTest - Starting TrendFoodControllerTest using Java 25.0.1 with PID 38572 (started by yoo seok hwan in C:\AIworkBench\tomatoma\tomatoma-backend)
19:33:23.106 [Test worker] DEBUG c.t.c.TrendFoodControllerTest - Running with Spring Boot v3.4.0, Spring v6.2.0
19:33:23.106 [Test worker] INFO  c.t.c.TrendFoodControllerTest - No active profile set, falling back to 1 default profile: "default"
19:33:23.711 [Test worker] INFO  o.s.d.r.c.RepositoryConfigurationDelegate - Bootstrapping Spring Data JPA repositories in DEFAULT mode.
19:33:23.859 [Test worker] INFO  o.s.d.r.c.RepositoryConfigurationDelegate - Finished Spring Data repository scanning in 138 ms. Found 3 JPA repository interfaces.
19:33:25.582 [Test worker] INFO  o.s.o.j.p.SpringPersistenceUnitInfo - No LoadTimeWeaver setup: ignoring JPA class transformer
19:33:25.618 [Test worker] INFO  com.zaxxer.hikari.HikariDataSource - HikariPool-1 - Starting...
19:33:25.798 [Test worker] INFO  com.zaxxer.hikari.pool.HikariPool - HikariPool-1 - Added connection conn0: url=jdbc:h2:mem:tomatoma user=SA
19:33:25.802 [Test worker] INFO  com.zaxxer.hikari.HikariDataSource - HikariPool-1 - Start completed.
19:33:25.829 [Test worker] WARN  org.hibernate.orm.deprecation - HHH90000025: H2Dialect does not need to be specified explicitly using 'hibernate.dialect' (remove the property setting and it will be selected by default)
19:33:26.682 [Test worker] INFO  o.s.o.j.LocalContainerEntityManagerFactoryBean - Initialized JPA EntityManagerFactory for persistence unit 'default'
19:33:27.172 [Test worker] INFO  o.s.d.j.r.query.QueryEnhancerFactory - Hibernate is in classpath; If applicable, HQL parser will be used.
19:33:28.367 [Test worker] WARN  o.s.b.a.o.j.JpaBaseConfiguration$JpaWebConfiguration - spring.jpa.open-in-view is enabled by default. Therefore, database queries may be performed during view rendering. Explicitly configure spring.jpa.open-in-view to disable this warning
19:33:28.723 [Test worker] INFO  o.s.b.a.h.H2ConsoleAutoConfiguration - H2 console available at '/h2-console'. Database available at 'jdbc:h2:mem:tomatoma'
19:33:28.894 [Test worker] INFO  o.s.b.t.m.w.SpringBootMockServletContext - Initializing Spring TestDispatcherServlet ''
19:33:28.894 [Test worker] INFO  o.s.t.w.s.TestDispatcherServlet - Initializing Servlet ''
19:33:28.896 [Test worker] INFO  o.s.t.w.s.TestDispatcherServlet - Completed initialization in 1 ms
19:33:29.059 [Test worker] INFO  c.t.c.TrendFoodControllerTest - Started TrendFoodControllerTest in 6.247 seconds (process running for 7.431)
19:33:29.172 [Test worker] INFO  com.tomatoma.aspect.LoggingAspect - [API 요청] TrendFoodController.getTrendingFoods() - 파라미터: [0, 20, null, search_frequency, DESC]
19:33:29.172 [Test worker] INFO  c.t.controller.TrendFoodController - Fetching trending foods - page: 0, size: 20, category: null, sortBy: search_frequency, direction: DESC
19:33:29.181 [Test worker] INFO  com.tomatoma.aspect.LoggingAspect - [API 완료] TrendFoodController.getTrendingFoods() - 실행시간: 9ms
19:33:29.222 [Test worker] WARN  o.s.d.w.c.SpringDataJacksonConfiguration$PageModule$WarningLoggingModifier - Serializing PageImpl instances as-is is not supported, meaning that there is no guarantee about the stability of the resulting JSON structure!
	For a stable JSON structure, please use Spring Data's PagedModel (globally via @EnableSpringDataWebSupport(pageSerializationMode = VIA_DTO))
	or Spring HATEOAS and Spring Data's PagedResourcesAssembler as documented in https://docs.spring.io/spring-data/commons/reference/repositories/core-extensions.html#core.web.pageables.

19:33:29.287 [Test worker] INFO  com.tomatoma.aspect.LoggingAspect - [API 요청] TrendFoodController.getTrendingFood() - 파라미터: [1]
19:33:29.287 [Test worker] INFO  c.t.controller.TrendFoodController - Fetching trending food - ID: 1
19:33:29.287 [Test worker] INFO  com.tomatoma.aspect.LoggingAspect - [API 완료] TrendFoodController.getTrendingFood() - 실행시간: 0ms
19:33:29.298 [Test worker] INFO  com.tomatoma.aspect.LoggingAspect - [API 요청] TrendFoodController.getTrendingFood() - 파라미터: [999]
19:33:29.298 [Test worker] INFO  c.t.controller.TrendFoodController - Fetching trending food - ID: 999
19:33:29.299 [Test worker] INFO  com.tomatoma.aspect.LoggingAspect - [API 완료] TrendFoodController.getTrendingFood() - 실행시간: 1ms
19:33:29.306 [Test worker] INFO  com.tomatoma.aspect.LoggingAspect - [API 요청] TrendFoodController.getTrendingFoods() - 파라미터: [0, 20, null, search_frequency, DESC]
19:33:29.306 [Test worker] INFO  c.t.controller.TrendFoodController - Fetching trending foods - page: 0, size: 20, category: null, sortBy: search_frequency, direction: DESC
19:33:29.306 [Test worker] INFO  com.tomatoma.aspect.LoggingAspect - [API 완료] TrendFoodController.getTrendingFoods() - 실행시간: 0ms
19:33:29.314 [Test worker] INFO  com.tomatoma.aspect.LoggingAspect - [API 요청] TrendFoodController.getTrendingFoods() - 파라미터: [0, 20, 중식, search_frequency, DESC]
19:33:29.314 [Test worker] INFO  c.t.controller.TrendFoodController - Fetching trending foods - page: 0, size: 20, category: 중식, sortBy: search_frequency, direction: DESC
19:33:29.314 [Test worker] INFO  com.tomatoma.aspect.LoggingAspect - [API 완료] TrendFoodController.getTrendingFoods() - 실행시간: 0ms
19:33:29.323 [Test worker] INFO  com.tomatoma.aspect.LoggingAspect - [API 요청] TrendFoodController.searchTrendingFoods() - 파라미터: [마라, 0, 20]
19:33:29.323 [Test worker] INFO  c.t.controller.TrendFoodController - Searching trending foods - keyword: 마라
19:33:29.324 [Test worker] INFO  com.tomatoma.aspect.LoggingAspect - [API 완료] TrendFoodController.searchTrendingFoods() - 실행시간: 1ms
]]></system-out>
  <system-err><![CDATA[Mockito is currently self-attaching to enable the inline-mock-maker. This will no longer work in future releases of the JDK. Please add Mockito as an agent to your build what is described in Mockito's documentation: https://javadoc.io/doc/org.mockito/mockito-core/latest/org/mockito/Mockito.html#0.3
WARNING: A Java agent has been loaded dynamically (C:\Users\yoo seok hwan\.gradle\caches\modules-2\files-2.1\net.bytebuddy\byte-buddy-agent\1.15.10\e8eb255b2c378b9a6c7341e7b0e12f0a5636377\byte-buddy-agent-1.15.10.jar)
WARNING: If a serviceability tool is in use, please run with -XX:+EnableDynamicAgentLoading to hide this warning
WARNING: If a serviceability tool is not in use, please run with -Djdk.instrument.traceUsage for more information
WARNING: Dynamic loading of agents will be disallowed by default in a future release
]]></system-err>
</testsuite>
